2019-06-16T23:25:39: PM2 log: ===============================================================================
2019-06-16T23:25:39: PM2 log: --- New PM2 Daemon started ----------------------------------------------------
2019-06-16T23:25:39: PM2 log: Time                 : Sun Jun 16 2019 23:25:39 GMT+0800 (China Standard Time)
2019-06-16T23:25:39: PM2 log: PM2 version          : 3.5.1
2019-06-16T23:25:39: PM2 log: Node.js version      : 11.15.0
2019-06-16T23:25:39: PM2 log: Current arch         : x64
2019-06-16T23:25:39: PM2 log: PM2 home             : /etc/.pm2
2019-06-16T23:25:39: PM2 log: PM2 PID file         : /etc/.pm2/pm2.pid
2019-06-16T23:25:39: PM2 log: RPC socket file      : /etc/.pm2/rpc.sock
2019-06-16T23:25:39: PM2 log: BUS socket file      : /etc/.pm2/pub.sock
2019-06-16T23:25:39: PM2 log: Application log path : /etc/.pm2/logs
2019-06-16T23:25:39: PM2 log: Process dump file    : /etc/.pm2/dump.pm2
2019-06-16T23:25:39: PM2 log: Concurrent actions   : 2
2019-06-16T23:25:39: PM2 log: SIGTERM timeout      : 1600
2019-06-16T23:25:39: PM2 log: ===============================================================================
2019-06-17T01:31:09: PM2 log: pm2 has been killed by signal, dumping process list before exit...
2019-06-17T01:31:09: PM2 log: Exited peacefully
2019-06-17T11:57:48: PM2 log: ===============================================================================
2019-06-17T11:57:48: PM2 log: --- New PM2 Daemon started ----------------------------------------------------
2019-06-17T11:57:48: PM2 log: Time                 : Mon Jun 17 2019 11:57:48 GMT+0800 (China Standard Time)
2019-06-17T11:57:48: PM2 log: PM2 version          : 3.5.1
2019-06-17T11:57:48: PM2 log: Node.js version      : 11.15.0
2019-06-17T11:57:48: PM2 log: Current arch         : x64
2019-06-17T11:57:48: PM2 log: PM2 home             : /etc/.pm2
2019-06-17T11:57:48: PM2 log: PM2 PID file         : /etc/.pm2/pm2.pid
2019-06-17T11:57:48: PM2 log: RPC socket file      : /etc/.pm2/rpc.sock
2019-06-17T11:57:48: PM2 log: BUS socket file      : /etc/.pm2/pub.sock
2019-06-17T11:57:48: PM2 log: Application log path : /etc/.pm2/logs
2019-06-17T11:57:48: PM2 log: Process dump file    : /etc/.pm2/dump.pm2
2019-06-17T11:57:48: PM2 log: Concurrent actions   : 2
2019-06-17T11:57:48: PM2 log: SIGTERM timeout      : 1600
2019-06-17T11:57:48: PM2 log: ===============================================================================
2019-06-17T14:35:38: PM2 log: pm2 has been killed by signal, dumping process list before exit...
2019-06-17T14:35:38: PM2 log: Exited peacefully
2019-06-30T20:39:41: PM2 log: ===============================================================================
2019-06-30T20:39:41: PM2 log: --- New PM2 Daemon started ----------------------------------------------------
2019-06-30T20:39:41: PM2 log: Time                 : Sun Jun 30 2019 20:39:41 GMT+0800 (China Standard Time)
2019-06-30T20:39:41: PM2 log: PM2 version          : 3.5.1
2019-06-30T20:39:41: PM2 log: Node.js version      : 11.15.0
2019-06-30T20:39:41: PM2 log: Current arch         : x64
2019-06-30T20:39:41: PM2 log: PM2 home             : /etc/.pm2
2019-06-30T20:39:41: PM2 log: PM2 PID file         : /etc/.pm2/pm2.pid
2019-06-30T20:39:41: PM2 log: RPC socket file      : /etc/.pm2/rpc.sock
2019-06-30T20:39:41: PM2 log: BUS socket file      : /etc/.pm2/pub.sock
2019-06-30T20:39:41: PM2 log: Application log path : /etc/.pm2/logs
2019-06-30T20:39:41: PM2 log: Process dump file    : /etc/.pm2/dump.pm2
2019-06-30T20:39:41: PM2 log: Concurrent actions   : 2
2019-06-30T20:39:41: PM2 log: SIGTERM timeout      : 1600
2019-06-30T20:39:41: PM2 log: ===============================================================================
2019-06-30T20:52:19: PM2 log: pm2 has been killed by signal, dumping process list before exit...
2019-06-30T20:52:19: PM2 log: Exited peacefully
2019-06-30T20:52:43: PM2 log: ===============================================================================
2019-06-30T20:52:43: PM2 log: --- New PM2 Daemon started ----------------------------------------------------
2019-06-30T20:52:43: PM2 log: Time                 : Sun Jun 30 2019 20:52:43 GMT+0800 (China Standard Time)
2019-06-30T20:52:43: PM2 log: PM2 version          : 3.5.1
2019-06-30T20:52:43: PM2 log: Node.js version      : 11.15.0
2019-06-30T20:52:43: PM2 log: Current arch         : x64
2019-06-30T20:52:43: PM2 log: PM2 home             : /etc/.pm2
2019-06-30T20:52:43: PM2 log: PM2 PID file         : /etc/.pm2/pm2.pid
2019-06-30T20:52:43: PM2 log: RPC socket file      : /etc/.pm2/rpc.sock
2019-06-30T20:52:43: PM2 log: BUS socket file      : /etc/.pm2/pub.sock
2019-06-30T20:52:43: PM2 log: Application log path : /etc/.pm2/logs
2019-06-30T20:52:43: PM2 log: Process dump file    : /etc/.pm2/dump.pm2
2019-06-30T20:52:43: PM2 log: Concurrent actions   : 2
2019-06-30T20:52:43: PM2 log: SIGTERM timeout      : 1600
2019-06-30T20:52:43: PM2 log: ===============================================================================
2019-06-30T22:12:00: PM2 log: pm2 has been killed by signal, dumping process list before exit...
2019-06-30T22:12:00: PM2 log: Exited peacefully
2019-06-30T22:14:09: PM2 log: ===============================================================================
2019-06-30T22:14:09: PM2 log: --- New PM2 Daemon started ----------------------------------------------------
2019-06-30T22:14:09: PM2 log: Time                 : Sun Jun 30 2019 22:14:09 GMT+0800 (China Standard Time)
2019-06-30T22:14:09: PM2 log: PM2 version          : 3.5.1
2019-06-30T22:14:09: PM2 log: Node.js version      : 11.15.0
2019-06-30T22:14:09: PM2 log: Current arch         : x64
2019-06-30T22:14:09: PM2 log: PM2 home             : /etc/.pm2
2019-06-30T22:14:09: PM2 log: PM2 PID file         : /etc/.pm2/pm2.pid
2019-06-30T22:14:09: PM2 log: RPC socket file      : /etc/.pm2/rpc.sock
2019-06-30T22:14:09: PM2 log: BUS socket file      : /etc/.pm2/pub.sock
2019-06-30T22:14:09: PM2 log: Application log path : /etc/.pm2/logs
2019-06-30T22:14:09: PM2 log: Process dump file    : /etc/.pm2/dump.pm2
2019-06-30T22:14:09: PM2 log: Concurrent actions   : 2
2019-06-30T22:14:09: PM2 log: SIGTERM timeout      : 1600
2019-06-30T22:14:09: PM2 log: ===============================================================================
2019-06-30T22:18:09: PM2 log: pm2 has been killed by signal, dumping process list before exit...
2019-06-30T22:18:09: PM2 log: Exited peacefully
2019-06-30T22:18:34: PM2 log: ===============================================================================
2019-06-30T22:18:34: PM2 log: --- New PM2 Daemon started ----------------------------------------------------
2019-06-30T22:18:34: PM2 log: Time                 : Sun Jun 30 2019 22:18:34 GMT+0800 (China Standard Time)
2019-06-30T22:18:34: PM2 log: PM2 version          : 3.5.1
2019-06-30T22:18:34: PM2 log: Node.js version      : 11.15.0
2019-06-30T22:18:34: PM2 log: Current arch         : x64
2019-06-30T22:18:34: PM2 log: PM2 home             : /etc/.pm2
2019-06-30T22:18:34: PM2 log: PM2 PID file         : /etc/.pm2/pm2.pid
2019-06-30T22:18:34: PM2 log: RPC socket file      : /etc/.pm2/rpc.sock
2019-06-30T22:18:34: PM2 log: BUS socket file      : /etc/.pm2/pub.sock
2019-06-30T22:18:34: PM2 log: Application log path : /etc/.pm2/logs
2019-06-30T22:18:34: PM2 log: Process dump file    : /etc/.pm2/dump.pm2
2019-06-30T22:18:34: PM2 log: Concurrent actions   : 2
2019-06-30T22:18:34: PM2 log: SIGTERM timeout      : 1600
2019-06-30T22:18:34: PM2 log: ===============================================================================
